[debug] [2018-06-25T14:37:14.072Z] ----------------------------------------------------------------------
[debug] [2018-06-25T14:37:14.074Z] Command:       C:\Program Files\nodejs\node.exe C:\Users\Admin\AppData\Roaming\npm\node_modules\firebase-tools\bin\firebase serve
[debug] [2018-06-25T14:37:14.075Z] CLI Version:   3.18.6
[debug] [2018-06-25T14:37:14.075Z] Platform:      win32
[debug] [2018-06-25T14:37:14.075Z] Node Version:  v7.10.0
[debug] [2018-06-25T14:37:14.076Z] Time:          Mon Jun 25 2018 21:37:14 GMT+0700 (SE Asia Standard Time)
[debug] [2018-06-25T14:37:14.076Z] ----------------------------------------------------------------------
[debug] 
[debug] [2018-06-25T14:37:14.090Z] > command requires scopes: ["email","openid","https://www.googleapis.com/auth/cloudplatformprojects.readonly","https://www.googleapis.com/auth/firebase","https://www.googleapis.com/auth/cloud-platform"]
[debug] [2018-06-25T14:37:14.090Z] > authorizing via signed-in user
[debug] [2018-06-25T14:37:14.093Z] >>> HTTP REQUEST GET https://admin.firebase.com/v1/projects/api-project-611301476725  
  
 Mon Jun 25 2018 21:37:14 GMT+0700 (SE Asia Standard Time)
[debug] [2018-06-25T14:37:16.090Z] <<< HTTP RESPONSE 200
[debug] [2018-06-25T14:37:16.090Z] >>> HTTP REQUEST GET https://admin.firebase.com/v1/database/api-project-611301476725/tokens  
  
 Mon Jun 25 2018 21:37:16 GMT+0700 (SE Asia Standard Time)
[debug] [2018-06-25T14:37:17.625Z] <<< HTTP RESPONSE 200
[debug] [2018-06-25T14:37:17.625Z] >>> HTTP REQUEST GET https://cloudresourcemanager.googleapis.com/v1/projects/api-project-611301476725  
  
 Mon Jun 25 2018 21:37:17 GMT+0700 (SE Asia Standard Time)
[debug] [2018-06-25T14:37:18.951Z] <<< HTTP RESPONSE 200
[info] 
[info] === Serving from 'C:\Users\Admin\workspace\projectIoT'...
[info] 
[info] i  functions: Preparing to emulate functions.
[debug] [2018-06-25T14:37:19.919Z] Fetching environment
[debug] [2018-06-25T14:37:19.921Z] >>> HTTP REQUEST GET https://mobilesdk-pa.googleapis.com/v1/projects/611301476725:getServerAppConfig  
  
 Mon Jun 25 2018 21:37:19 GMT+0700 (SE Asia Standard Time)
[debug] [2018-06-25T14:37:22.026Z] <<< HTTP RESPONSE 200
[debug] [2018-06-25T14:37:22.027Z] Starting @google-cloud/functions-emulator
[debug] [2018-06-25T14:37:24.121Z] Parsing function triggers
[info] +  functions: temperature: http://localhost:5000/api-project-611301476725/us-central1/temperature
